{"level":"debug","message":"Admin access granted","timestamp":"2026-04-19 14:02:21","userId":9}
{"level":"debug","message":"Admin access granted","timestamp":"2026-04-19 14:02:21","userId":9}
{"level":"debug","message":"Admin access granted","timestamp":"2026-04-19 14:02:25","userId":9}
{"level":"debug","message":"Admin access granted","timestamp":"2026-04-19 14:02:25","userId":9}
{"level":"debug","message":"Admin access granted","timestamp":"2026-04-19 14:02:35","userId":9}
{"level":"debug","message":"Admin access granted","timestamp":"2026-04-19 14:02:35","userId":9}
{"level":"debug","message":"Admin access granted","timestamp":"2026-04-19 14:02:37","userId":9}
{"level":"debug","message":"Admin access granted","timestamp":"2026-04-19 14:02:37","userId":9}
{"level":"debug","message":"Admin access granted","timestamp":"2026-04-19 14:02:56","userId":9}
{"level":"debug","message":"Admin access granted","timestamp":"2026-04-19 14:02:56","userId":9}
{"level":"debug","message":"Admin access granted","timestamp":"2026-04-19 14:02:56","userId":9}
{"level":"debug","message":"Admin access granted","timestamp":"2026-04-19 14:02:56","userId":9}
{"level":"debug","message":"Admin access granted","timestamp":"2026-04-19 14:03:00","userId":9}
{"level":"debug","message":"Admin access granted","timestamp":"2026-04-19 14:03:00","userId":9}
{"level":"debug","message":"Admin access granted","timestamp":"2026-04-19 14:03:00","userId":9}
{"level":"debug","message":"Admin access granted","timestamp":"2026-04-19 14:03:00","userId":9}
{"level":"debug","message":"Admin access granted","timestamp":"2026-04-19 14:03:01","userId":9}
{"level":"debug","message":"Admin access granted","timestamp":"2026-04-19 14:03:01","userId":9}
{"level":"debug","message":"Admin access granted","timestamp":"2026-04-19 14:03:06","userId":9}
{"level":"debug","message":"Admin access granted","timestamp":"2026-04-19 14:03:06","userId":9}
{"level":"debug","message":"Admin access granted","timestamp":"2026-04-19 14:03:19","userId":9}
{"level":"debug","message":"Admin access granted","timestamp":"2026-04-19 14:03:19","userId":9}
{"level":"debug","message":"Admin access granted","timestamp":"2026-04-19 14:03:20","userId":9}
{"level":"debug","message":"Admin access granted","timestamp":"2026-04-19 14:03:20","userId":9}
{"level":"debug","message":"Admin access granted","timestamp":"2026-04-19 14:03:28","userId":9}
{"level":"debug","message":"Admin access granted","timestamp":"2026-04-19 14:03:28","userId":9}
{"level":"debug","message":"Admin access granted","timestamp":"2026-04-19 14:03:31","userId":9}
{"level":"debug","message":"Admin access granted","timestamp":"2026-04-19 14:03:31","userId":9}
{"level":"debug","message":"Admin access granted","timestamp":"2026-04-19 14:03:36","userId":9}
{"level":"debug","message":"Admin access granted","timestamp":"2026-04-19 14:03:36","userId":9}
{"level":"debug","message":"Admin access granted","timestamp":"2026-04-19 14:03:37","userId":9}
{"level":"debug","message":"Admin access granted","timestamp":"2026-04-19 14:03:37","userId":9}
{"level":"debug","message":"Admin access granted","timestamp":"2026-04-19 14:03:37","userId":9}
{"level":"debug","message":"Admin access granted","timestamp":"2026-04-19 14:03:37","userId":9}
{"level":"debug","message":"Admin access granted","timestamp":"2026-04-19 14:03:45","userId":9}
{"level":"debug","message":"Admin access granted","timestamp":"2026-04-19 14:03:45","userId":9}
{"level":"debug","message":"Admin access granted","timestamp":"2026-04-19 14:03:45","userId":9}
{"level":"debug","message":"Admin access granted","timestamp":"2026-04-19 14:03:45","userId":9}
{"level":"debug","message":"Admin access granted","timestamp":"2026-04-19 14:03:50","userId":9}
{"level":"debug","message":"Admin access granted","timestamp":"2026-04-19 14:03:50","userId":9}
{"level":"debug","message":"Admin access granted","timestamp":"2026-04-19 14:03:50","userId":9}
{"level":"debug","message":"Admin access granted","timestamp":"2026-04-19 14:03:50","userId":9}
{"level":"debug","message":"Admin access granted","timestamp":"2026-04-19 14:03:51","userId":9}
{"level":"debug","message":"Admin access granted","timestamp":"2026-04-19 14:03:51","userId":9}
{"level":"debug","message":"Admin access granted","timestamp":"2026-04-19 14:03:52","userId":9}
{"level":"debug","message":"Admin access granted","timestamp":"2026-04-19 14:03:52","userId":9}
{"level":"debug","message":"Admin access granted","timestamp":"2026-04-19 14:04:08","userId":9}
{"level":"debug","message":"Admin access granted","timestamp":"2026-04-19 14:04:08","userId":9}
{"level":"debug","message":"Admin access granted","timestamp":"2026-04-19 14:04:09","userId":9}
{"level":"debug","message":"Admin access granted","timestamp":"2026-04-19 14:04:09","userId":9}
{"level":"debug","message":"Admin access granted","timestamp":"2026-04-19 14:04:11","userId":9}
{"level":"debug","message":"Admin access granted","timestamp":"2026-04-19 14:04:11","userId":9}
{"level":"debug","message":"Admin access granted","timestamp":"2026-04-19 14:04:12","userId":9}
{"level":"debug","message":"Admin access granted","timestamp":"2026-04-19 14:04:12","userId":9}
{"level":"debug","message":"Admin access granted","timestamp":"2026-04-19 14:04:16","userId":9}
{"level":"debug","message":"Admin access granted","timestamp":"2026-04-19 14:04:16","userId":9}
{"level":"debug","message":"Admin access granted","timestamp":"2026-04-19 14:04:32","userId":9}
{"level":"debug","message":"Admin access granted","timestamp":"2026-04-19 14:04:32","userId":9}
{"level":"debug","message":"Admin access granted","timestamp":"2026-04-19 14:04:33","userId":9}
{"level":"debug","message":"Admin access granted","timestamp":"2026-04-19 14:04:33","userId":9}
{"level":"debug","message":"Admin access granted","timestamp":"2026-04-19 14:04:33","userId":9}
{"level":"debug","message":"Admin access granted","timestamp":"2026-04-19 14:04:33","userId":9}
{"level":"debug","message":"Admin access granted","timestamp":"2026-04-19 14:04:34","userId":9}
{"level":"debug","message":"Admin access granted","timestamp":"2026-04-19 14:04:34","userId":9}
{"level":"debug","message":"Admin access granted","timestamp":"2026-04-19 14:04:34","userId":9}
{"level":"debug","message":"Admin access granted","timestamp":"2026-04-19 14:04:34","userId":9}
{"level":"debug","message":"Admin access granted","timestamp":"2026-04-19 14:04:40","userId":9}
{"level":"debug","message":"Admin access granted","timestamp":"2026-04-19 14:04:40","userId":9}
{"level":"debug","message":"Admin access granted","timestamp":"2026-04-19 14:04:40","userId":9}
{"level":"debug","message":"Admin access granted","timestamp":"2026-04-19 14:04:40","userId":9}
{"level":"debug","message":"Admin access granted","timestamp":"2026-04-19 14:04:40","userId":9}
{"level":"debug","message":"Admin access granted","timestamp":"2026-04-19 14:04:40","userId":9}
{"level":"debug","message":"Admin access granted","timestamp":"2026-04-19 14:04:41","userId":9}
{"level":"debug","message":"Admin access granted","timestamp":"2026-04-19 14:04:41","userId":9}
{"level":"debug","message":"Admin access granted","timestamp":"2026-04-19 14:04:41","userId":9}
{"level":"debug","message":"Admin access granted","timestamp":"2026-04-19 14:04:41","userId":9}
{"level":"debug","message":"Admin access granted","timestamp":"2026-04-19 14:04:42","userId":9}
{"level":"debug","message":"Admin access granted","timestamp":"2026-04-19 14:04:42","userId":9}
{"level":"debug","message":"Admin access granted","timestamp":"2026-04-19 14:04:42","userId":9}
{"level":"debug","message":"Admin access granted","timestamp":"2026-04-19 14:04:42","userId":9}
{"level":"debug","message":"Admin access granted","timestamp":"2026-04-19 14:04:42","userId":9}
{"level":"debug","message":"Admin access granted","timestamp":"2026-04-19 14:04:42","userId":9}
{"level":"debug","message":"Admin access granted","timestamp":"2026-04-19 14:04:46","userId":9}
{"level":"debug","message":"Admin access granted","timestamp":"2026-04-19 14:04:46","userId":9}
{"level":"debug","message":"Admin access granted","timestamp":"2026-04-19 14:04:47","userId":9}
{"level":"debug","message":"Admin access granted","timestamp":"2026-04-19 14:04:47","userId":9}
{"level":"debug","message":"Admin access granted","timestamp":"2026-04-19 14:04:48","userId":9}
{"level":"debug","message":"Admin access granted","timestamp":"2026-04-19 14:04:48","userId":9}
{"level":"debug","message":"Admin access granted","timestamp":"2026-04-19 14:04:59","userId":9}
{"level":"debug","message":"Admin access granted","timestamp":"2026-04-19 14:04:59","userId":9}
{"level":"debug","message":"Admin access granted","timestamp":"2026-04-19 14:05:02","userId":9}
{"level":"debug","message":"Admin access granted","timestamp":"2026-04-19 14:05:02","userId":9}
{"level":"debug","message":"Admin access granted","timestamp":"2026-04-19 14:05:04","userId":9}
{"level":"debug","message":"Admin access granted","timestamp":"2026-04-19 14:05:04","userId":9}
{"level":"debug","message":"Admin access granted","timestamp":"2026-04-19 14:05:09","userId":9}
{"level":"debug","message":"Admin access granted","timestamp":"2026-04-19 14:05:09","userId":9}
{"level":"debug","message":"Admin access granted","timestamp":"2026-04-19 14:05:12","userId":9}
{"level":"debug","message":"Admin access granted","timestamp":"2026-04-19 14:05:12","userId":9}
{"level":"debug","message":"Admin access granted","timestamp":"2026-04-19 14:05:19","userId":9}
{"level":"debug","message":"Admin access granted","timestamp":"2026-04-19 14:05:19","userId":9}
{"level":"debug","message":"Admin access granted","timestamp":"2026-04-19 14:05:21","userId":9}
{"level":"debug","message":"Admin access granted","timestamp":"2026-04-19 14:05:21","userId":9}
{"level":"debug","message":"Admin access granted","timestamp":"2026-04-19 14:05:27","userId":9}
{"adminId":9,"fundraiserId":"1","isFeatured":false,"level":"info","message":"Fundraiser featured status updated","timestamp":"2026-04-19 14:05:27"}
{"level":"debug","message":"Admin access granted","timestamp":"2026-04-19 14:05:27","userId":9}
{"level":"debug","message":"Admin access granted","timestamp":"2026-04-19 14:05:28","userId":9}
{"level":"debug","message":"Admin access granted","timestamp":"2026-04-19 14:05:28","userId":9}
{"level":"debug","message":"Admin access granted","timestamp":"2026-04-19 14:05:34","userId":9}
{"level":"debug","message":"Admin access granted","timestamp":"2026-04-19 14:05:34","userId":9}
{"level":"debug","message":"Admin access granted","timestamp":"2026-04-19 14:05:39","userId":9}
{"adminId":9,"isVerified":false,"level":"info","message":"User verification updated","timestamp":"2026-04-19 14:05:39","userId":"2"}
{"level":"debug","message":"Admin access granted","timestamp":"2026-04-19 14:05:39","userId":9}
{"level":"debug","message":"Admin access granted","timestamp":"2026-04-19 14:05:40","userId":9}
{"adminId":9,"isVerified":true,"level":"info","message":"User verification updated","timestamp":"2026-04-19 14:05:40","userId":"3"}
{"level":"debug","message":"Admin access granted","timestamp":"2026-04-19 14:05:40","userId":9}
{"level":"debug","message":"Admin access granted","timestamp":"2026-04-19 14:05:41","userId":9}
{"level":"debug","message":"Admin access granted","timestamp":"2026-04-19 14:05:41","userId":9}
{"level":"debug","message":"Admin access granted","timestamp":"2026-04-19 14:05:43","userId":9}
{"adminId":9,"isVerified":true,"level":"info","message":"User verification updated","timestamp":"2026-04-19 14:05:43","userId":"2"}
{"level":"debug","message":"Admin access granted","timestamp":"2026-04-19 14:05:43","userId":9}
{"level":"debug","message":"Admin access granted","timestamp":"2026-04-19 14:05:44","userId":9}
{"level":"debug","message":"Admin access granted","timestamp":"2026-04-19 14:05:44","userId":9}
{"level":"debug","message":"Admin access granted","timestamp":"2026-04-19 14:05:45","userId":9}
{"adminId":9,"isVerified":false,"level":"info","message":"User verification updated","timestamp":"2026-04-19 14:05:45","userId":"3"}
{"level":"debug","message":"Admin access granted","timestamp":"2026-04-19 14:05:45","userId":9}
{"level":"debug","message":"Admin access granted","timestamp":"2026-04-19 14:05:47","userId":9}
{"level":"debug","message":"Admin access granted","timestamp":"2026-04-19 14:05:47","userId":9}
{"level":"debug","message":"Admin access granted","timestamp":"2026-04-19 14:05:50","userId":9}
{"level":"debug","message":"Admin access granted","timestamp":"2026-04-19 14:05:50","userId":9}
{"level":"debug","message":"Admin access granted","timestamp":"2026-04-19 14:05:51","userId":9}
{"level":"debug","message":"Admin access granted","timestamp":"2026-04-19 14:05:51","userId":9}
{"level":"debug","message":"Admin access granted","timestamp":"2026-04-19 14:06:35","userId":9}
{"level":"debug","message":"Admin access granted","timestamp":"2026-04-19 14:06:35","userId":9}
{"level":"debug","message":"Admin access granted","timestamp":"2026-04-19 14:06:37","userId":9}
{"level":"debug","message":"Admin access granted","timestamp":"2026-04-19 14:06:37","userId":9}
{"level":"debug","message":"Admin access granted","timestamp":"2026-04-19 14:06:44","userId":9}
{"level":"debug","message":"Admin access granted","timestamp":"2026-04-19 14:06:44","userId":9}
{"level":"debug","message":"Admin access granted","timestamp":"2026-04-19 14:06:44","userId":9}
{"level":"debug","message":"Admin access granted","timestamp":"2026-04-19 14:06:44","userId":9}
{"level":"debug","message":"Admin access granted","timestamp":"2026-04-19 14:08:04","userId":9}
{"level":"debug","message":"Admin access granted","timestamp":"2026-04-19 14:08:04","userId":9}
{"level":"debug","message":"Admin access granted","timestamp":"2026-04-19 14:08:05","userId":9}
{"level":"debug","message":"Admin access granted","timestamp":"2026-04-19 14:08:05","userId":9}
{"level":"debug","message":"Admin access granted","timestamp":"2026-04-19 14:08:11","userId":9}
{"level":"debug","message":"Admin access granted","timestamp":"2026-04-19 14:08:11","userId":9}
{"level":"debug","message":"Admin access granted","timestamp":"2026-04-19 14:08:12","userId":9}
{"level":"debug","message":"Admin access granted","timestamp":"2026-04-19 14:08:12","userId":9}
{"level":"debug","message":"Admin access granted","timestamp":"2026-04-19 14:08:12","userId":9}
{"level":"debug","message":"Admin access granted","timestamp":"2026-04-19 14:08:12","userId":9}
{"level":"debug","message":"Admin access granted","timestamp":"2026-04-19 14:09:00","userId":9}
{"level":"debug","message":"Admin access granted","timestamp":"2026-04-19 14:09:00","userId":9}
{"level":"debug","message":"Admin access granted","timestamp":"2026-04-19 14:09:01","userId":9}
{"level":"debug","message":"Admin access granted","timestamp":"2026-04-19 14:09:01","userId":9}
{"level":"debug","message":"Admin access granted","timestamp":"2026-04-19 14:09:01","userId":9}
{"level":"debug","message":"Admin access granted","timestamp":"2026-04-19 14:09:01","userId":9}
{"level":"debug","message":"Admin access granted","timestamp":"2026-04-19 14:09:05","userId":9}
{"level":"debug","message":"Admin access granted","timestamp":"2026-04-19 14:09:05","userId":9}
{"level":"debug","message":"Admin access granted","timestamp":"2026-04-19 14:09:15","userId":9}
{"level":"debug","message":"Admin access granted","timestamp":"2026-04-19 14:09:15","userId":9}
{"level":"debug","message":"Admin access granted","timestamp":"2026-04-19 14:09:16","userId":9}
{"level":"debug","message":"Admin access granted","timestamp":"2026-04-19 14:09:16","userId":9}
{"level":"debug","message":"Admin access granted","timestamp":"2026-04-19 14:09:46","userId":9}
{"level":"debug","message":"Admin access granted","timestamp":"2026-04-19 14:09:46","userId":9}
{"level":"debug","message":"Admin access granted","timestamp":"2026-04-19 14:09:46","userId":9}
{"level":"debug","message":"Admin access granted","timestamp":"2026-04-19 14:09:46","userId":9}
{"level":"debug","message":"Admin access granted","timestamp":"2026-04-19 14:09:47","userId":9}
{"level":"debug","message":"Admin access granted","timestamp":"2026-04-19 14:09:47","userId":9}
{"level":"debug","message":"Admin access granted","timestamp":"2026-04-19 14:09:48","userId":9}
{"level":"debug","message":"Admin access granted","timestamp":"2026-04-19 14:09:48","userId":9}
{"level":"debug","message":"Admin access granted","timestamp":"2026-04-19 14:09:50","userId":9}
{"level":"debug","message":"Admin access granted","timestamp":"2026-04-19 14:09:50","userId":9}
{"level":"debug","message":"Admin access granted","timestamp":"2026-04-19 14:09:56","userId":9}
{"level":"debug","message":"Admin access granted","timestamp":"2026-04-19 14:09:56","userId":9}
{"level":"debug","message":"Admin access granted","timestamp":"2026-04-19 14:09:56","userId":9}
{"level":"debug","message":"Admin access granted","timestamp":"2026-04-19 14:09:56","userId":9}
{"level":"debug","message":"Admin access granted","timestamp":"2026-04-19 14:09:57","userId":9}
{"level":"debug","message":"Admin access granted","timestamp":"2026-04-19 14:09:57","userId":9}
{"level":"debug","message":"Admin access granted","timestamp":"2026-04-19 14:09:58","userId":9}
{"level":"debug","message":"Admin access granted","timestamp":"2026-04-19 14:09:58","userId":9}
{"level":"debug","message":"Admin access granted","timestamp":"2026-04-19 14:10:30","userId":9}
{"level":"debug","message":"Admin access granted","timestamp":"2026-04-19 14:10:30","userId":9}
{"level":"debug","message":"Admin access granted","timestamp":"2026-04-19 14:10:30","userId":9}
{"level":"debug","message":"Admin access granted","timestamp":"2026-04-19 14:10:30","userId":9}
{"level":"debug","message":"Admin access granted","timestamp":"2026-04-19 14:10:37","userId":9}
{"adminId":9,"level":"info","message":"User verification updated","timestamp":"2026-04-19 14:10:37","userId":"6"}
{"level":"debug","message":"Admin access granted","timestamp":"2026-04-19 14:10:37","userId":9}
{"level":"debug","message":"Admin access granted","timestamp":"2026-04-19 14:10:41","userId":9}
{"level":"debug","message":"Admin access granted","timestamp":"2026-04-19 14:10:41","userId":9}
{"level":"debug","message":"Admin access granted","timestamp":"2026-04-19 14:10:41","userId":9}
{"level":"debug","message":"Admin access granted","timestamp":"2026-04-19 14:10:41","userId":9}
{"level":"debug","message":"Admin access granted","timestamp":"2026-04-19 14:10:42","userId":9}
{"level":"debug","message":"Admin access granted","timestamp":"2026-04-19 14:10:42","userId":9}
{"level":"debug","message":"Admin access granted","timestamp":"2026-04-19 14:10:43","userId":9}
{"level":"debug","message":"Admin access granted","timestamp":"2026-04-19 14:10:43","userId":9}
{"level":"debug","message":"Admin access granted","timestamp":"2026-04-19 14:10:47","userId":9}
{"adminId":9,"level":"info","message":"User verification updated","timestamp":"2026-04-19 14:10:47","userId":"3"}
{"level":"debug","message":"Admin access granted","timestamp":"2026-04-19 14:10:47","userId":9}
{"level":"debug","message":"Admin access granted","timestamp":"2026-04-19 14:10:50","userId":9}
{"adminId":9,"level":"info","message":"User verification updated","timestamp":"2026-04-19 14:10:50","userId":"4"}
{"level":"debug","message":"Admin access granted","timestamp":"2026-04-19 14:10:50","userId":9}
{"level":"debug","message":"Admin access granted","timestamp":"2026-04-19 14:12:56","userId":9}
{"level":"debug","message":"Admin access granted","timestamp":"2026-04-19 14:12:56","userId":9}
{"level":"debug","message":"Admin access granted","timestamp":"2026-04-19 14:12:57","userId":9}
{"level":"debug","message":"Admin access granted","timestamp":"2026-04-19 14:12:57","userId":9}
{"level":"debug","message":"Admin access granted","timestamp":"2026-04-19 14:12:57","userId":9}
{"level":"debug","message":"Admin access granted","timestamp":"2026-04-19 14:12:57","userId":9}
{"level":"debug","message":"Admin access granted","timestamp":"2026-04-19 14:12:57","userId":9}
{"level":"debug","message":"Admin access granted","timestamp":"2026-04-19 14:12:57","userId":9}
{"level":"debug","message":"Admin access granted","timestamp":"2026-04-19 14:13:02","userId":9}
{"level":"debug","message":"Admin access granted","timestamp":"2026-04-19 14:13:02","userId":9}
{"level":"debug","message":"Admin access granted","timestamp":"2026-04-19 14:13:03","userId":9}
{"level":"debug","message":"Admin access granted","timestamp":"2026-04-19 14:13:03","userId":9}
{"level":"debug","message":"Admin access granted","timestamp":"2026-04-19 14:13:05","userId":9}
{"adminId":9,"isVerified":true,"level":"info","message":"User verification updated","timestamp":"2026-04-19 14:13:05","userId":"4"}
{"level":"debug","message":"Admin access granted","timestamp":"2026-04-19 14:13:05","userId":9}
{"level":"debug","message":"Admin access granted","timestamp":"2026-04-19 14:13:06","userId":9}
{"adminId":9,"isVerified":true,"level":"info","message":"User verification updated","timestamp":"2026-04-19 14:13:06","userId":"5"}
{"level":"debug","message":"Admin access granted","timestamp":"2026-04-19 14:13:06","userId":9}
{"level":"debug","message":"Admin access granted","timestamp":"2026-04-19 14:13:07","userId":9}
{"adminId":9,"isVerified":true,"level":"info","message":"User verification updated","timestamp":"2026-04-19 14:13:07","userId":"6"}
{"level":"debug","message":"Admin access granted","timestamp":"2026-04-19 14:13:07","userId":9}
{"level":"debug","message":"Admin access granted","timestamp":"2026-04-19 14:13:07","userId":9}
{"adminId":9,"isVerified":true,"level":"info","message":"User verification updated","timestamp":"2026-04-19 14:13:07","userId":"7"}
{"level":"debug","message":"Admin access granted","timestamp":"2026-04-19 14:13:07","userId":9}
{"level":"debug","message":"Admin access granted","timestamp":"2026-04-19 14:13:08","userId":9}
{"adminId":9,"isVerified":true,"level":"info","message":"User verification updated","timestamp":"2026-04-19 14:13:08","userId":"8"}
{"level":"debug","message":"Admin access granted","timestamp":"2026-04-19 14:13:08","userId":9}
{"level":"debug","message":"Admin access granted","timestamp":"2026-04-19 14:13:08","userId":9}
{"adminId":9,"isVerified":false,"level":"info","message":"User verification updated","timestamp":"2026-04-19 14:13:08","userId":"8"}
{"level":"debug","message":"Admin access granted","timestamp":"2026-04-19 14:13:08","userId":9}
{"level":"debug","message":"Admin access granted","timestamp":"2026-04-19 14:13:09","userId":9}
{"adminId":9,"isVerified":true,"level":"info","message":"User verification updated","timestamp":"2026-04-19 14:13:09","userId":"9"}
{"level":"debug","message":"Admin access granted","timestamp":"2026-04-19 14:13:09","userId":9}
{"level":"debug","message":"Admin access granted","timestamp":"2026-04-19 14:13:09","userId":9}
{"adminId":9,"isVerified":true,"level":"info","message":"User verification updated","timestamp":"2026-04-19 14:13:09","userId":"8"}
{"level":"debug","message":"Admin access granted","timestamp":"2026-04-19 14:13:09","userId":9}
{"level":"debug","message":"Admin access granted","timestamp":"2026-04-19 14:13:10","userId":9}
{"adminId":9,"isVerified":true,"level":"info","message":"User verification updated","timestamp":"2026-04-19 14:13:10","userId":"10"}
{"level":"debug","message":"Admin access granted","timestamp":"2026-04-19 14:13:10","userId":9}
{"level":"debug","message":"Admin access granted","timestamp":"2026-04-19 14:13:10","userId":9}
{"adminId":9,"isVerified":true,"level":"info","message":"User verification updated","timestamp":"2026-04-19 14:13:10","userId":"11"}
{"level":"debug","message":"Admin access granted","timestamp":"2026-04-19 14:13:10","userId":9}
{"level":"debug","message":"Admin access granted","timestamp":"2026-04-19 14:13:12","userId":9}
{"adminId":9,"isVerified":false,"level":"info","message":"User verification updated","timestamp":"2026-04-19 14:13:12","userId":"4"}
{"level":"debug","message":"Admin access granted","timestamp":"2026-04-19 14:13:12","userId":9}
{"level":"debug","message":"Admin access granted","timestamp":"2026-04-19 14:13:13","userId":9}
{"adminId":9,"isVerified":false,"level":"info","message":"User verification updated","timestamp":"2026-04-19 14:13:13","userId":"6"}
{"level":"debug","message":"Admin access granted","timestamp":"2026-04-19 14:13:13","userId":9}
{"level":"debug","message":"Admin access granted","timestamp":"2026-04-19 14:13:14","userId":9}
{"adminId":9,"isVerified":false,"level":"info","message":"User verification updated","timestamp":"2026-04-19 14:13:14","userId":"5"}
{"level":"debug","message":"Admin access granted","timestamp":"2026-04-19 14:13:14","userId":9}
{"level":"debug","message":"Admin access granted","timestamp":"2026-04-19 14:13:21","userId":9}
{"adminId":9,"isVerified":false,"level":"info","message":"User verification updated","timestamp":"2026-04-19 14:13:21","userId":"8"}
{"level":"debug","message":"Admin access granted","timestamp":"2026-04-19 14:13:21","userId":9}
{"level":"debug","message":"Admin access granted","timestamp":"2026-04-19 14:13:22","userId":9}
{"adminId":9,"isVerified":false,"level":"info","message":"User verification updated","timestamp":"2026-04-19 14:13:22","userId":"7"}
{"level":"debug","message":"Admin access granted","timestamp":"2026-04-19 14:13:22","userId":9}
{"level":"debug","message":"Admin access granted","timestamp":"2026-04-19 14:13:25","userId":9}
{"adminId":9,"isVerified":false,"level":"info","message":"User verification updated","timestamp":"2026-04-19 14:13:25","userId":"10"}
{"level":"debug","message":"Admin access granted","timestamp":"2026-04-19 14:13:25","userId":9}
{"level":"debug","message":"Admin access granted","timestamp":"2026-04-19 14:13:26","userId":9}
{"adminId":9,"isVerified":false,"level":"info","message":"User verification updated","timestamp":"2026-04-19 14:13:26","userId":"11"}
{"level":"debug","message":"Admin access granted","timestamp":"2026-04-19 14:13:26","userId":9}
{"level":"debug","message":"Admin access granted","timestamp":"2026-04-19 14:14:26","userId":9}
{"level":"debug","message":"Admin access granted","timestamp":"2026-04-19 14:14:26","userId":9}
{"level":"debug","message":"Admin access granted","timestamp":"2026-04-19 14:14:27","userId":9}
{"level":"debug","message":"Admin access granted","timestamp":"2026-04-19 14:14:27","userId":9}
{"level":"debug","message":"Admin access granted","timestamp":"2026-04-19 14:14:28","userId":9}
{"level":"debug","message":"Admin access granted","timestamp":"2026-04-19 14:14:28","userId":9}
{"level":"debug","message":"Admin access granted","timestamp":"2026-04-19 14:14:28","userId":9}
{"level":"debug","message":"Admin access granted","timestamp":"2026-04-19 14:14:28","userId":9}
{"level":"debug","message":"Admin access granted","timestamp":"2026-04-19 14:15:02","userId":9}
{"level":"debug","message":"Admin access granted","timestamp":"2026-04-19 14:15:20","userId":9}
{"level":"debug","message":"Admin access granted","timestamp":"2026-04-19 14:15:20","userId":9}
{"level":"debug","message":"Admin access granted","timestamp":"2026-04-19 14:15:20","userId":9}
{"level":"debug","message":"Admin access granted","timestamp":"2026-04-19 14:15:20","userId":9}
{"body":{"amount":"1000","fundraiser_id":"3"},"level":"info","message":"Create donation request","timestamp":"2026-04-19 14:15:42","userId":9}
{"amount":"1000","donationId":39,"level":"info","message":"Donation created successfully","timestamp":"2026-04-19 14:15:42"}
{"level":"debug","message":"Admin access granted","timestamp":"2026-04-19 14:15:50","userId":9}
{"level":"debug","message":"Admin access granted","timestamp":"2026-04-19 14:15:50","userId":9}
{"level":"debug","message":"Admin access granted","timestamp":"2026-04-19 14:15:51","userId":9}
{"level":"debug","message":"Admin access granted","timestamp":"2026-04-19 14:15:51","userId":9}
{"level":"debug","message":"Admin access granted","timestamp":"2026-04-19 14:15:51","userId":9}
{"level":"debug","message":"Admin access granted","timestamp":"2026-04-19 14:15:51","userId":9}
{"level":"debug","message":"Admin access granted","timestamp":"2026-04-19 14:16:14","userId":9}
{"level":"debug","message":"Admin access granted","timestamp":"2026-04-19 14:16:14","userId":9}
{"level":"debug","message":"Admin access granted","timestamp":"2026-04-19 14:16:14","userId":9}
{"level":"debug","message":"Admin access granted","timestamp":"2026-04-19 14:16:14","userId":9}
{"level":"debug","message":"Admin access granted","timestamp":"2026-04-19 14:16:21","userId":9}
{"level":"debug","message":"Admin access granted","timestamp":"2026-04-19 14:16:44","userId":9}
{"level":"debug","message":"Admin access granted","timestamp":"2026-04-19 14:16:44","userId":9}
{"level":"debug","message":"Admin access granted","timestamp":"2026-04-19 14:16:44","userId":9}
{"level":"debug","message":"Admin access granted","timestamp":"2026-04-19 14:16:44","userId":9}
{"level":"debug","message":"Admin access granted","timestamp":"2026-04-19 14:16:59","userId":9}
{"level":"debug","message":"Admin access granted","timestamp":"2026-04-19 14:16:59","userId":9}
{"level":"debug","message":"Admin access granted","timestamp":"2026-04-19 14:16:59","userId":9}
{"level":"debug","message":"Admin access granted","timestamp":"2026-04-19 14:16:59","userId":9}
{"level":"debug","message":"Admin access granted","timestamp":"2026-04-19 14:17:20","userId":9}
{"level":"debug","message":"Admin access granted","timestamp":"2026-04-19 14:17:20","userId":9}
{"level":"debug","message":"Admin access granted","timestamp":"2026-04-19 14:17:20","userId":9}
{"level":"debug","message":"Admin access granted","timestamp":"2026-04-19 14:17:20","userId":9}
{"level":"debug","message":"Admin access granted","timestamp":"2026-04-19 14:18:09","userId":9}
{"level":"debug","message":"Admin access granted","timestamp":"2026-04-19 14:18:09","userId":9}
{"level":"debug","message":"Admin access granted","timestamp":"2026-04-19 14:18:09","userId":9}
{"level":"debug","message":"Admin access granted","timestamp":"2026-04-19 14:18:09","userId":9}
{"level":"debug","message":"Admin access granted","timestamp":"2026-04-19 14:18:48","userId":9}
{"level":"debug","message":"Admin access granted","timestamp":"2026-04-19 14:18:48","userId":9}
{"level":"debug","message":"Admin access granted","timestamp":"2026-04-19 14:18:48","userId":9}
{"level":"debug","message":"Admin access granted","timestamp":"2026-04-19 14:18:48","userId":9}
{"level":"debug","message":"Admin access granted","timestamp":"2026-04-19 14:19:54","userId":9}
{"level":"debug","message":"Admin access granted","timestamp":"2026-04-19 14:19:54","userId":9}
{"level":"debug","message":"Admin access granted","timestamp":"2026-04-19 14:19:54","userId":9}
{"level":"debug","message":"Admin access granted","timestamp":"2026-04-19 14:19:54","userId":9}
{"level":"debug","message":"Admin access granted","timestamp":"2026-04-19 14:20:51","userId":9}
{"level":"debug","message":"Admin access granted","timestamp":"2026-04-19 14:20:51","userId":9}
{"level":"debug","message":"Admin access granted","timestamp":"2026-04-19 14:20:51","userId":9}
{"level":"debug","message":"Admin access granted","timestamp":"2026-04-19 14:20:51","userId":9}
{"level":"debug","message":"Admin access granted","timestamp":"2026-04-19 14:22:18","userId":9}
{"level":"debug","message":"Admin access granted","timestamp":"2026-04-19 14:22:51","userId":9}
{"level":"debug","message":"Admin access granted","timestamp":"2026-04-19 14:22:51","userId":9}
{"level":"debug","message":"Admin access granted","timestamp":"2026-04-19 14:22:51","userId":9}
{"level":"debug","message":"Admin access granted","timestamp":"2026-04-19 14:22:51","userId":9}
{"level":"debug","message":"Admin access granted","timestamp":"2026-04-19 14:23:43","userId":9}
{"error":"column f.payment_details does not exist","level":"error","message":"Error getting donations","timestamp":"2026-04-19 14:23:43"}
{"level":"debug","message":"Admin access granted","timestamp":"2026-04-19 14:23:43","userId":9}
{"error":"column f.payment_details does not exist","level":"error","message":"Error getting donations","timestamp":"2026-04-19 14:23:43"}
{"level":"debug","message":"Admin access granted","timestamp":"2026-04-19 14:23:43","userId":9}
{"error":"column f.payment_details does not exist","level":"error","message":"Error getting donations","timestamp":"2026-04-19 14:23:43"}
{"level":"debug","message":"Admin access granted","timestamp":"2026-04-19 14:23:43","userId":9}
{"error":"column f.payment_details does not exist","level":"error","message":"Error getting donations","timestamp":"2026-04-19 14:23:43"}
{"level":"debug","message":"Admin access granted","timestamp":"2026-04-19 14:23:45","userId":9}
{"level":"debug","message":"Admin access granted","timestamp":"2026-04-19 14:23:45","userId":9}
{"level":"debug","message":"Admin access granted","timestamp":"2026-04-19 14:23:45","userId":9}
{"error":"column f.payment_details does not exist","level":"error","message":"Error getting donations","timestamp":"2026-04-19 14:23:45"}
{"level":"debug","message":"Admin access granted","timestamp":"2026-04-19 14:23:45","userId":9}
{"error":"column f.payment_details does not exist","level":"error","message":"Error getting donations","timestamp":"2026-04-19 14:23:45"}
{"level":"debug","message":"Admin access granted","timestamp":"2026-04-19 14:23:45","userId":9}
{"error":"column f.payment_details does not exist","level":"error","message":"Error getting donations","timestamp":"2026-04-19 14:23:45"}
{"level":"debug","message":"Admin access granted","timestamp":"2026-04-19 14:23:45","userId":9}
{"error":"column f.payment_details does not exist","level":"error","message":"Error getting donations","timestamp":"2026-04-19 14:23:45"}
{"level":"debug","message":"Admin access granted","timestamp":"2026-04-19 14:23:50","userId":9}
{"error":"column f.payment_details does not exist","level":"error","message":"Error getting donations","timestamp":"2026-04-19 14:23:50"}
{"level":"debug","message":"Admin access granted","timestamp":"2026-04-19 14:25:14","userId":9}
{"level":"debug","message":"Admin access granted","timestamp":"2026-04-19 14:25:14","userId":9}
{"level":"debug","message":"Admin access granted","timestamp":"2026-04-19 14:25:14","userId":9}
{"level":"debug","message":"Admin access granted","timestamp":"2026-04-19 14:25:14","userId":9}
{"level":"debug","message":"Admin access granted","timestamp":"2026-04-19 14:25:26","userId":9}
{"donationId":"39","error":"column \"approved_at\" of relation \"donations\" does not exist","level":"error","message":"Error approving donation","timestamp":"2026-04-19 14:25:26"}
{"level":"debug","message":"Admin access granted","timestamp":"2026-04-19 14:26:49","userId":9}
{"level":"debug","message":"Admin access granted","timestamp":"2026-04-19 14:26:49","userId":9}
{"level":"debug","message":"Admin access granted","timestamp":"2026-04-19 14:26:49","userId":9}
{"level":"debug","message":"Admin access granted","timestamp":"2026-04-19 14:26:49","userId":9}
{"level":"debug","message":"Admin access granted","timestamp":"2026-04-19 14:26:53","userId":9}
{"adminId":9,"amount":"1000.00","donationId":"39","level":"info","message":"Donation approved by admin","timestamp":"2026-04-19 14:26:53"}
{"level":"debug","message":"Admin access granted","timestamp":"2026-04-19 14:26:53","userId":9}
{"level":"debug","message":"Admin access granted","timestamp":"2026-04-19 14:27:23","userId":9}
{"level":"debug","message":"Admin access granted","timestamp":"2026-04-19 14:27:23","userId":9}
{"level":"debug","message":"Admin access granted","timestamp":"2026-04-19 14:27:26","userId":9}
{"adminId":9,"fundraiserId":"3","isFeatured":true,"level":"info","message":"Fundraiser featured status updated","timestamp":"2026-04-19 14:27:26"}
{"level":"debug","message":"Admin access granted","timestamp":"2026-04-19 14:27:26","userId":9}
{"level":"debug","message":"Admin access granted","timestamp":"2026-04-19 14:32:34","userId":9}
{"level":"debug","message":"Admin access granted","timestamp":"2026-04-19 14:54:02","userId":9}
{"level":"debug","message":"Admin access granted","timestamp":"2026-04-19 14:54:02","userId":9}
{"level":"debug","message":"Admin access granted","timestamp":"2026-04-19 14:54:06","userId":9}
{"level":"debug","message":"Admin access granted","timestamp":"2026-04-19 14:54:06","userId":9}
{"body":{"amount":"8000000","fundraiser_id":"3"},"level":"info","message":"Create donation request","timestamp":"2026-04-19 14:54:21","userId":9}
{"amount":"8000000","donationId":40,"level":"info","message":"Donation created successfully","timestamp":"2026-04-19 14:54:21"}
{"level":"debug","message":"Admin access granted","timestamp":"2026-04-19 14:54:24","userId":9}
{"level":"debug","message":"Admin access granted","timestamp":"2026-04-19 14:54:24","userId":9}
{"level":"debug","message":"Admin access granted","timestamp":"2026-04-19 14:54:25","userId":9}
{"level":"debug","message":"Admin access granted","timestamp":"2026-04-19 14:54:25","userId":9}
{"level":"debug","message":"Admin access granted","timestamp":"2026-04-19 14:54:25","userId":9}
{"level":"debug","message":"Admin access granted","timestamp":"2026-04-19 14:54:25","userId":9}
{"level":"debug","message":"Admin access granted","timestamp":"2026-04-19 14:54:28","userId":9}
{"adminId":9,"amount":"8000000.00","donationId":"40","level":"info","message":"Donation approved by admin","timestamp":"2026-04-19 14:54:28"}
{"level":"debug","message":"Admin access granted","timestamp":"2026-04-19 14:54:28","userId":9}
{"level":"debug","message":"Admin access granted","timestamp":"2026-04-19 14:54:32","userId":9}
{"level":"debug","message":"Admin access granted","timestamp":"2026-04-19 14:54:32","userId":9}
{"body":{"amount":"993000","fundraiser_id":"4"},"level":"info","message":"Create donation request","timestamp":"2026-04-19 14:54:51","userId":9}
{"amount":"993000","donationId":41,"level":"info","message":"Donation created successfully","timestamp":"2026-04-19 14:54:51"}
{"level":"debug","message":"Admin access granted","timestamp":"2026-04-19 14:54:56","userId":9}
{"level":"debug","message":"Admin access granted","timestamp":"2026-04-19 14:54:56","userId":9}
{"level":"debug","message":"Admin access granted","timestamp":"2026-04-19 14:54:56","userId":9}
{"level":"debug","message":"Admin access granted","timestamp":"2026-04-19 14:54:56","userId":9}
{"level":"debug","message":"Admin access granted","timestamp":"2026-04-19 14:54:59","userId":9}
{"adminId":9,"amount":"993000.00","donationId":"41","level":"info","message":"Donation approved by admin","timestamp":"2026-04-19 14:54:59"}
{"level":"debug","message":"Admin access granted","timestamp":"2026-04-19 14:54:59","userId":9}
{"level":"debug","message":"Admin access granted","timestamp":"2026-04-19 14:55:29","userId":9}
{"level":"debug","message":"Admin access granted","timestamp":"2026-04-19 14:55:29","userId":9}
{"level":"debug","message":"Admin access granted","timestamp":"2026-04-19 14:55:29","userId":9}
{"level":"debug","message":"Admin access granted","timestamp":"2026-04-19 14:55:29","userId":9}
{"level":"debug","message":"Admin access granted","timestamp":"2026-04-19 14:55:31","userId":9}
{"level":"debug","message":"Admin access granted","timestamp":"2026-04-19 14:55:31","userId":9}
{"level":"debug","message":"Admin access granted","timestamp":"2026-04-19 14:59:08","userId":9}
{"level":"debug","message":"Admin access granted","timestamp":"2026-04-19 14:59:08","userId":9}
{"level":"debug","message":"Admin access granted","timestamp":"2026-04-19 14:59:08","userId":9}
{"level":"debug","message":"Admin access granted","timestamp":"2026-04-19 14:59:08","userId":9}
{"fundraiserId":"4","level":"info","message":"Completion proof submitted","timestamp":"2026-04-19 15:03:35","userId":9}
{"level":"debug","message":"Admin access granted","timestamp":"2026-04-19 15:03:51","userId":9}
{"level":"debug","message":"Admin access granted","timestamp":"2026-04-19 15:03:51","userId":9}
{"level":"debug","message":"Admin access granted","timestamp":"2026-04-19 15:03:52","userId":9}
{"level":"debug","message":"Admin access granted","timestamp":"2026-04-19 15:03:52","userId":9}
{"level":"debug","message":"Admin access granted","timestamp":"2026-04-19 15:03:59","userId":9}
{"adminId":9,"fundraiserId":"4","level":"info","message":"Fundraiser completion verified","timestamp":"2026-04-19 15:03:59"}
{"level":"debug","message":"Admin access granted","timestamp":"2026-04-19 15:03:59","userId":9}
{"level":"debug","message":"Admin access granted","timestamp":"2026-04-19 15:15:00","userId":9}
{"level":"debug","message":"Admin access granted","timestamp":"2026-04-19 15:15:00","userId":9}
{"level":"debug","message":"Admin access granted","timestamp":"2026-04-19 15:15:00","userId":9}
{"level":"debug","message":"Admin access granted","timestamp":"2026-04-19 15:15:00","userId":9}
{"count":15,"fundraiserId":"2","level":"info","message":"Fundraiser donations fetched","timestamp":"2026-04-19 15:18:06"}
{"count":3,"fundraiserId":"4","level":"info","message":"Fundraiser donations fetched","timestamp":"2026-04-19 15:21:22"}
{"count":15,"fundraiserId":"2","level":"info","message":"Fundraiser donations fetched","timestamp":"2026-04-19 15:21:27"}
{"body":{"amount":"1000","fundraiser_id":"2"},"level":"info","message":"Create donation request","timestamp":"2026-04-19 15:21:34","userId":9}
{"amount":"1000","donationId":57,"level":"info","message":"Donation created successfully","timestamp":"2026-04-19 15:21:34"}
{"count":15,"fundraiserId":"2","level":"info","message":"Fundraiser donations fetched","timestamp":"2026-04-19 15:21:34"}
{"level":"debug","message":"Admin access granted","timestamp":"2026-04-19 15:21:39","userId":9}
{"level":"debug","message":"Admin access granted","timestamp":"2026-04-19 15:21:39","userId":9}
{"level":"debug","message":"Admin access granted","timestamp":"2026-04-19 15:21:39","userId":9}
{"level":"debug","message":"Admin access granted","timestamp":"2026-04-19 15:21:39","userId":9}
{"level":"debug","message":"Admin access granted","timestamp":"2026-04-19 15:22:18","userId":9}
{"level":"debug","message":"Admin access granted","timestamp":"2026-04-19 15:22:18","userId":9}
{"level":"debug","message":"Admin access granted","timestamp":"2026-04-19 15:22:19","userId":9}
{"level":"debug","message":"Admin access granted","timestamp":"2026-04-19 15:22:19","userId":9}
{"level":"debug","message":"Admin access granted","timestamp":"2026-04-19 15:22:19","userId":9}
{"level":"debug","message":"Admin access granted","timestamp":"2026-04-19 15:22:19","userId":9}
{"level":"debug","message":"Admin access granted","timestamp":"2026-04-19 15:22:21","userId":9}
{"adminId":9,"amount":"1000.00","donationId":"57","level":"info","message":"Donation approved by admin","timestamp":"2026-04-19 15:22:21"}
{"level":"debug","message":"Admin access granted","timestamp":"2026-04-19 15:22:21","userId":9}
{"count":16,"fundraiserId":"2","level":"info","message":"Fundraiser donations fetched","timestamp":"2026-04-19 15:22:25"}
{"level":"debug","message":"Admin access granted","timestamp":"2026-04-19 15:22:32","userId":9}
{"level":"debug","message":"Admin access granted","timestamp":"2026-04-19 15:22:32","userId":9}
{"level":"debug","message":"Admin access granted","timestamp":"2026-04-19 15:22:33","userId":9}
{"level":"debug","message":"Admin access granted","timestamp":"2026-04-19 15:22:33","userId":9}
{"level":"debug","message":"Admin access granted","timestamp":"2026-04-19 15:22:33","userId":9}
{"level":"debug","message":"Admin access granted","timestamp":"2026-04-19 15:22:33","userId":9}
{"level":"debug","message":"Admin access granted","timestamp":"2026-04-19 15:22:41","userId":9}
{"level":"debug","message":"Admin access granted","timestamp":"2026-04-19 15:22:41","userId":9}
{"count":16,"fundraiserId":"2","level":"info","message":"Fundraiser donations fetched","timestamp":"2026-04-19 15:23:21"}
{"count":16,"fundraiserId":"2","level":"info","message":"Fundraiser donations fetched","timestamp":"2026-04-19 15:23:50"}
{"count":0,"fundraiserId":"1","level":"info","message":"Fundraiser donations fetched","timestamp":"2026-04-19 15:23:54"}
{"count":3,"fundraiserId":"4","level":"info","message":"Fundraiser donations fetched","timestamp":"2026-04-19 15:24:00"}
{"count":16,"fundraiserId":"2","level":"info","message":"Fundraiser donations fetched","timestamp":"2026-04-19 15:24:09"}
{"count":0,"fundraiserId":"1","level":"info","message":"Fundraiser donations fetched","timestamp":"2026-04-19 15:25:25"}
{"count":16,"fundraiserId":"2","level":"info","message":"Fundraiser donations fetched","timestamp":"2026-04-19 15:27:06"}
{"count":16,"fundraiserId":"2","level":"info","message":"Fundraiser donations fetched","timestamp":"2026-04-19 15:27:09"}
{"count":16,"fundraiserId":"2","level":"info","message":"Fundraiser donations fetched","timestamp":"2026-04-19 15:27:12"}
{"count":16,"fundraiserId":"2","level":"info","message":"Fundraiser donations fetched","timestamp":"2026-04-19 15:27:18"}
{"count":16,"fundraiserId":"2","level":"info","message":"Fundraiser donations fetched","timestamp":"2026-04-19 15:28:17"}
{"count":16,"fundraiserId":"2","level":"info","message":"Fundraiser donations fetched","timestamp":"2026-04-19 15:28:56"}
{"count":16,"fundraiserId":"2","level":"info","message":"Fundraiser donations fetched","timestamp":"2026-04-19 15:30:44"}
{"count":3,"fundraiserId":"4","level":"info","message":"Fundraiser donations fetched","timestamp":"2026-04-19 15:31:00"}
{"count":0,"fundraiserId":"5","level":"info","message":"Fundraiser donations fetched","timestamp":"2026-04-19 15:31:06"}
{"count":16,"fundraiserId":"2","level":"info","message":"Fundraiser donations fetched","timestamp":"2026-04-19 15:39:01"}
{"count":3,"fundraiserId":"4","level":"info","message":"Fundraiser donations fetched","timestamp":"2026-04-19 15:39:39"}
{"count":16,"fundraiserId":"2","level":"info","message":"Fundraiser donations fetched","timestamp":"2026-04-19 15:39:59"}
{"count":16,"fundraiserId":"2","level":"info","message":"Fundraiser donations fetched","timestamp":"2026-04-19 15:44:35"}
{"error":"column f.creator_id does not exist","level":"error","message":"Ошибка получения профиля пользователя","timestamp":"2026-04-19 15:44:36","userId":"9"}
{"error":"column f.creator_id does not exist","level":"error","message":"Ошибка получения профиля пользователя","timestamp":"2026-04-19 15:44:47","userId":"9"}
{"error":"column f.creator_id does not exist","level":"error","message":"Ошибка получения профиля пользователя","timestamp":"2026-04-19 15:44:52","userId":"12"}
{"count":16,"fundraiserId":"2","level":"info","message":"Fundraiser donations fetched","timestamp":"2026-04-19 15:45:37"}
{"count":16,"fundraiserId":"2","level":"info","message":"Fundraiser donations fetched","timestamp":"2026-04-19 15:45:48"}
{"count":16,"fundraiserId":"2","level":"info","message":"Fundraiser donations fetched","timestamp":"2026-04-19 15:45:51"}
{"count":16,"fundraiserId":"2","level":"info","message":"Fundraiser donations fetched","timestamp":"2026-04-19 15:46:20"}
{"count":16,"fundraiserId":"2","level":"info","message":"Fundraiser donations fetched","timestamp":"2026-04-19 15:48:43"}
{"count":16,"fundraiserId":"2","level":"info","message":"Fundraiser donations fetched","timestamp":"2026-04-19 15:48:45"}
{"count":16,"fundraiserId":"2","level":"info","message":"Fundraiser donations fetched","timestamp":"2026-04-19 15:49:39"}
{"count":16,"fundraiserId":"2","level":"info","message":"Fundraiser donations fetched","timestamp":"2026-04-19 15:51:12"}
{"count":16,"fundraiserId":"2","level":"info","message":"Fundraiser donations fetched","timestamp":"2026-04-19 15:51:28"}
{"count":16,"fundraiserId":"2","level":"info","message":"Fundraiser donations fetched","timestamp":"2026-04-19 15:51:39"}
{"count":16,"fundraiserId":"2","level":"info","message":"Fundraiser donations fetched","timestamp":"2026-04-19 15:52:37"}
{"count":0,"fundraiserId":"1","level":"info","message":"Fundraiser donations fetched","timestamp":"2026-04-19 15:52:45"}
{"count":16,"fundraiserId":"2","level":"info","message":"Fundraiser donations fetched","timestamp":"2026-04-19 15:53:21"}
{"count":16,"fundraiserId":"2","level":"info","message":"Fundraiser donations fetched","timestamp":"2026-04-19 15:54:31"}
{"count":16,"fundraiserId":"2","level":"info","message":"Fundraiser donations fetched","timestamp":"2026-04-19 15:54:33"}
{"count":16,"fundraiserId":"2","level":"info","message":"Fundraiser donations fetched","timestamp":"2026-04-19 15:55:03"}
{"count":16,"fundraiserId":"2","level":"info","message":"Fundraiser donations fetched","timestamp":"2026-04-19 15:56:40"}
{"count":3,"fundraiserId":"4","level":"info","message":"Fundraiser donations fetched","timestamp":"2026-04-19 15:56:43"}
{"count":16,"fundraiserId":"2","level":"info","message":"Fundraiser donations fetched","timestamp":"2026-04-19 15:57:25"}
{"count":0,"fundraiserId":"1","level":"info","message":"Fundraiser donations fetched","timestamp":"2026-04-19 15:59:11"}
{"count":16,"fundraiserId":"2","level":"info","message":"Fundraiser donations fetched","timestamp":"2026-04-19 15:59:19"}
{"count":16,"fundraiserId":"2","level":"info","message":"Fundraiser donations fetched","timestamp":"2026-04-19 15:59:59"}
